<?xml version="1.0" encoding="UTF-8"?>
<!-- Generated by org.testng.reporters.JUnitXMLReporter -->
<testsuite hostname="LAPTOP-19553BN3" ignored="0" name="Default test" tests="3" failures="0" timestamp="30 Oct 2018 00:26:13 GMT" time="16.326" errors="0">
  <testcase name="loginPageTitleTest" time="0.158" classname="com.amazon.qa.testcases.LoginPageTest"/>
  <testcase name="loginPageLogoTest" time="0.699" classname="com.amazon.qa.testcases.LoginPageTest"/>
  <testcase name="loginTest" time="7.23" classname="com.amazon.qa.testcases.LoginPageTest"/>
</testsuite> <!-- Default test -->
